2025-11-03 21:15:05,256 - main - INFO - Image prediction request received for URL: https://entangl-bucket.s3.eu-north-1.amazonaws.com/images/831a63a6-2f9a-471f-bc81-167537c429f9.jpg
2025-11-03 21:15:05,257 - main - INFO - Parameters - max_faces: 5
2025-11-03 21:15:05,258 - main - INFO - Created temporary directory: /var/folders/xc/010r9p7974s908vfy8b8pwy00000gp/T/tmp4f3xwn3y
2025-11-03 21:15:05,258 - main - INFO - Starting file download...
2025-11-03 21:15:05,258 - main - INFO - Starting download from URL: https://entangl-bucket.s3.eu-north-1.amazonaws.com/images/831a63a6-2f9a-471f-bc81-167537c429f9.jpg
2025-11-03 21:15:05,258 - main - INFO - Making HTTP request...
2025-11-03 21:15:06,300 - main - INFO - Response received - Content-Type: image/jpeg, Content-Length: 76336
2025-11-03 21:15:06,300 - main - INFO - Downloading to temporary file: /var/folders/xc/010r9p7974s908vfy8b8pwy00000gp/T/tmp4f3xwn3y/downloaded_file.jpg
2025-11-03 21:15:06,961 - main - INFO - Download completed successfully!
2025-11-03 21:15:06,962 - main - INFO - File size: 0.07 MB
2025-11-03 21:15:06,962 - main - INFO - Download time: 1.70 seconds
2025-11-03 21:15:06,962 - main - INFO - Download speed: 0.04 MB/s
2025-11-03 21:15:06,963 - main - INFO - File downloaded successfully to: /var/folders/xc/010r9p7974s908vfy8b8pwy00000gp/T/tmp4f3xwn3y/downloaded_file.jpg
2025-11-03 21:15:06,964 - main - INFO - Starting image analysis...
2025-11-03 21:15:06,964 - predictimg - INFO - Starting image analysis for: /var/folders/xc/010r9p7974s908vfy8b8pwy00000gp/T/tmp4f3xwn3y/downloaded_file.jpg
2025-11-03 21:15:06,964 - predictimg - INFO - Parameters - max_faces: 5, device: cpu
2025-11-03 21:15:06,974 - predictimg - INFO - Image loaded - shape: (630, 630, 3)
2025-11-03 21:15:06,974 - predictimg - INFO - Detecting faces in image...
2025-11-03 21:15:07,128 - predictimg - INFO - Found 1 face(s) in image
2025-11-03 21:15:07,237 - predictimg - INFO - Face processing completed - processed 1 faces
2025-11-03 21:15:07,237 - predictimg - INFO - Scaling features and preparing quantum circuits...
2025-11-03 21:15:07,336 - predictimg - INFO - Running quantum model prediction...
2025-11-03 21:15:07,416 - predictimg - INFO - Probabilities per face: [0.6104015]
2025-11-03 21:15:07,417 - predictimg - INFO - Final result - average probability: 0.6104, label: fake
2025-11-03 21:15:07,417 - main - INFO - Image analysis completed in 0.45 seconds
2025-11-03 21:15:07,417 - main - INFO - Analysis result - probability: 0.6104, label: fake, faces_found: 1
2025-11-03 21:15:07,417 - main - INFO - Image prediction completed successfully
2025-11-03 21:15:07,417 - main - INFO - Cleaned up temporary file: /var/folders/xc/010r9p7974s908vfy8b8pwy00000gp/T/tmp4f3xwn3y/downloaded_file.jpg
2025-11-03 21:15:07,417 - main - INFO - Cleaned up temporary directory: /var/folders/xc/010r9p7974s908vfy8b8pwy00000gp/T/tmp4f3xwn3y
2025-11-03 21:16:17,246 - main - INFO - Video prediction request received for URL: https://entangl-bucket.s3.eu-north-1.amazonaws.com/videos/1d03dc64-ef6a-405d-ab41-60d90b2c018b.mp4
2025-11-03 21:16:17,251 - main - INFO - Parameters - max_faces: 20, seconds_range: 6
2025-11-03 21:16:17,253 - main - INFO - Created temporary directory: /var/folders/xc/010r9p7974s908vfy8b8pwy00000gp/T/tmpq7mnl6zr
2025-11-03 21:16:17,253 - main - INFO - Starting file download...
2025-11-03 21:16:17,254 - main - INFO - Starting download from URL: https://entangl-bucket.s3.eu-north-1.amazonaws.com/videos/1d03dc64-ef6a-405d-ab41-60d90b2c018b.mp4
2025-11-03 21:16:17,254 - main - INFO - Making HTTP request...
2025-11-03 21:16:18,236 - main - INFO - Response received - Content-Type: video/mp4, Content-Length: 7108028
2025-11-03 21:16:18,237 - main - INFO - Downloading to temporary file: /var/folders/xc/010r9p7974s908vfy8b8pwy00000gp/T/tmpq7mnl6zr/downloaded_file.mp4
2025-11-03 21:16:22,448 - main - INFO - Downloaded 1.0 MB...
2025-11-03 21:16:24,865 - main - INFO - Downloaded 2.0 MB...
2025-11-03 21:16:26,291 - main - INFO - Downloaded 3.0 MB...
2025-11-03 21:16:27,732 - main - INFO - Downloaded 4.0 MB...
2025-11-03 21:16:29,066 - main - INFO - Downloaded 5.0 MB...
2025-11-03 21:16:30,241 - main - INFO - Downloaded 6.0 MB...
2025-11-03 21:16:31,196 - main - INFO - Download completed successfully!
2025-11-03 21:16:31,196 - main - INFO - File size: 6.78 MB
2025-11-03 21:16:31,196 - main - INFO - Download time: 13.94 seconds
2025-11-03 21:16:31,196 - main - INFO - Download speed: 0.49 MB/s
2025-11-03 21:16:31,196 - main - INFO - File downloaded successfully to: /var/folders/xc/010r9p7974s908vfy8b8pwy00000gp/T/tmpq7mnl6zr/downloaded_file.mp4
2025-11-03 21:16:31,196 - main - INFO - Starting video analysis...
2025-11-03 21:16:31,196 - predictimg - INFO - Starting video analysis for: /var/folders/xc/010r9p7974s908vfy8b8pwy00000gp/T/tmpq7mnl6zr/downloaded_file.mp4
2025-11-03 21:16:31,196 - predictimg - INFO - Parameters - max_faces: 20, seconds_range: 6, device: cpu
2025-11-03 21:16:31,244 - predictimg - INFO - Video info - FPS: 24, frames: 915, duration: 38.12s
2025-11-03 21:16:31,244 - predictimg - INFO - Analysis range - frames 771 to 915, step: 3
2025-11-03 21:16:35,042 - predictimg - INFO - Face extraction completed - collected 20 faces
2025-11-03 21:16:35,042 - predictimg - INFO - Scaling features and preparing quantum circuits...
2025-11-03 21:16:37,231 - predictimg - INFO - Running quantum model prediction...
2025-11-03 21:16:37,428 - predictimg - INFO - Probabilities per face: [0.23872486 0.09372902 0.18306684 0.16653869 0.17010146 0.30343214
 0.11130354 0.3240222  0.5664942  0.5359983  0.57482964 0.4264039
 0.3249817  0.70008045 0.155599   0.16801909 0.45740286 0.3406036
 0.25297356 0.14564267]
2025-11-03 21:16:37,428 - predictimg - INFO - Final result - average probability: 0.3120, label: real
2025-11-03 21:16:37,428 - predictimg - INFO - Faces classified as fake: 4/20
2025-11-03 21:16:37,430 - main - INFO - Video analysis completed in 6.23 seconds
2025-11-03 21:16:37,430 - main - INFO - Analysis result - probability: 0.3120, label: real
2025-11-03 21:16:37,430 - main - INFO - Video prediction completed successfully
2025-11-03 21:16:37,431 - main - INFO - Cleaned up temporary file: /var/folders/xc/010r9p7974s908vfy8b8pwy00000gp/T/tmpq7mnl6zr/downloaded_file.mp4
2025-11-03 21:16:37,431 - main - INFO - Cleaned up temporary directory: /var/folders/xc/010r9p7974s908vfy8b8pwy00000gp/T/tmpq7mnl6zr
2025-11-04 13:12:55,745 - predictimg - INFO - Starting image analysis for: /var/folders/xc/010r9p7974s908vfy8b8pwy00000gp/T/tmplmcno7dk/temp_image_FakeAadhaarCardofDonaldTrump.jpg
2025-11-04 13:12:55,746 - predictimg - INFO - Parameters - max_faces: 5, device: cpu
2025-11-04 13:12:55,761 - predictimg - INFO - Image loaded - shape: (630, 630, 3)
2025-11-04 13:12:55,761 - predictimg - INFO - Detecting faces in image...
2025-11-04 13:12:56,155 - predictimg - INFO - Found 1 face(s) in image
2025-11-04 13:12:56,456 - predictimg - INFO - Face processing completed - processed 1 faces
2025-11-04 13:12:56,456 - predictimg - INFO - Scaling features and preparing quantum circuits...
2025-11-04 13:12:56,559 - predictimg - INFO - Running quantum model prediction...
2025-11-04 13:12:56,781 - predictimg - INFO - Probabilities per face: [0.80707383]
2025-11-04 13:12:56,781 - predictimg - INFO - Final result - average probability: 0.8071, label: fake
2025-11-04 13:14:09,257 - main - INFO - Image prediction request received for URL: https://entangl-bucket.s3.eu-north-1.amazonaws.com/images/7196d83d-6f8c-48af-b7e4-a318ceb3a580.jpg
2025-11-04 13:14:09,258 - main - INFO - Parameters - max_faces: 5
2025-11-04 13:14:09,259 - main - INFO - Created temporary directory: /var/folders/xc/010r9p7974s908vfy8b8pwy00000gp/T/tmpfmflud2d
2025-11-04 13:14:09,259 - main - INFO - Starting file download...
2025-11-04 13:14:09,259 - main - INFO - Starting download from URL: https://entangl-bucket.s3.eu-north-1.amazonaws.com/images/7196d83d-6f8c-48af-b7e4-a318ceb3a580.jpg
2025-11-04 13:14:09,259 - main - INFO - Making HTTP request...
2025-11-04 13:14:10,559 - main - INFO - Response received - Content-Type: image/jpeg, Content-Length: 76336
2025-11-04 13:14:10,559 - main - INFO - Downloading to temporary file: /var/folders/xc/010r9p7974s908vfy8b8pwy00000gp/T/tmpfmflud2d/downloaded_file.jpg
2025-11-04 13:14:11,073 - main - INFO - Download completed successfully!
2025-11-04 13:14:11,074 - main - INFO - File size: 0.07 MB
2025-11-04 13:14:11,074 - main - INFO - Download time: 1.81 seconds
2025-11-04 13:14:11,074 - main - INFO - Download speed: 0.04 MB/s
2025-11-04 13:14:11,075 - main - INFO - File downloaded successfully to: /var/folders/xc/010r9p7974s908vfy8b8pwy00000gp/T/tmpfmflud2d/downloaded_file.jpg
2025-11-04 13:14:11,076 - main - INFO - Starting image analysis...
2025-11-04 13:14:11,076 - predictimg - INFO - Starting image analysis for: /var/folders/xc/010r9p7974s908vfy8b8pwy00000gp/T/tmpfmflud2d/downloaded_file.jpg
2025-11-04 13:14:11,076 - predictimg - INFO - Parameters - max_faces: 5, device: cpu
2025-11-04 13:14:11,084 - predictimg - INFO - Image loaded - shape: (630, 630, 3)
2025-11-04 13:14:11,085 - predictimg - INFO - Detecting faces in image...
2025-11-04 13:14:11,130 - predictimg - INFO - Found 1 face(s) in image
2025-11-04 13:14:11,270 - predictimg - INFO - Face processing completed - processed 1 faces
2025-11-04 13:14:11,270 - predictimg - INFO - Scaling features and preparing quantum circuits...
2025-11-04 13:14:11,371 - predictimg - INFO - Running quantum model prediction...
2025-11-04 13:14:11,411 - predictimg - INFO - Probabilities per face: [0.7568638]
2025-11-04 13:14:11,411 - predictimg - INFO - Final result - average probability: 0.7569, label: fake
2025-11-04 13:14:11,411 - main - INFO - Image analysis completed in 0.34 seconds
2025-11-04 13:14:11,411 - main - INFO - Analysis result - probability: 0.7569, label: fake, faces_found: 1
2025-11-04 13:14:11,411 - main - INFO - Image prediction completed successfully
2025-11-04 13:14:11,411 - main - INFO - Cleaned up temporary file: /var/folders/xc/010r9p7974s908vfy8b8pwy00000gp/T/tmpfmflud2d/downloaded_file.jpg
2025-11-04 13:14:11,412 - main - INFO - Cleaned up temporary directory: /var/folders/xc/010r9p7974s908vfy8b8pwy00000gp/T/tmpfmflud2d
2025-11-04 14:54:18,327 - main - INFO - Image prediction request received for URL: https://entangl-bucket.s3.eu-north-1.amazonaws.com/images/73f08f86-b4a1-4dcf-91df-6dc452a52351.jpg
2025-11-04 14:54:18,328 - main - INFO - Parameters - max_faces: 5
2025-11-04 14:54:18,329 - main - INFO - Created temporary directory: /var/folders/xc/010r9p7974s908vfy8b8pwy00000gp/T/tmpb_0c5njy
2025-11-04 14:54:18,330 - main - INFO - Starting file download...
2025-11-04 14:54:18,330 - main - INFO - Starting download from URL: https://entangl-bucket.s3.eu-north-1.amazonaws.com/images/73f08f86-b4a1-4dcf-91df-6dc452a52351.jpg
2025-11-04 14:54:18,330 - main - INFO - Making HTTP request...
2025-11-04 14:54:19,528 - main - INFO - Response received - Content-Type: image/jpeg, Content-Length: 76336
2025-11-04 14:54:19,529 - main - INFO - Downloading to temporary file: /var/folders/xc/010r9p7974s908vfy8b8pwy00000gp/T/tmpb_0c5njy/downloaded_file.jpg
2025-11-04 14:54:19,856 - main - INFO - Download completed successfully!
2025-11-04 14:54:19,856 - main - INFO - File size: 0.07 MB
2025-11-04 14:54:19,857 - main - INFO - Download time: 1.53 seconds
2025-11-04 14:54:19,857 - main - INFO - Download speed: 0.05 MB/s
2025-11-04 14:54:19,858 - main - INFO - File downloaded successfully to: /var/folders/xc/010r9p7974s908vfy8b8pwy00000gp/T/tmpb_0c5njy/downloaded_file.jpg
2025-11-04 14:54:19,858 - main - INFO - Starting image analysis...
2025-11-04 14:54:19,858 - predictimg - INFO - Starting image analysis for: /var/folders/xc/010r9p7974s908vfy8b8pwy00000gp/T/tmpb_0c5njy/downloaded_file.jpg
2025-11-04 14:54:19,858 - predictimg - INFO - Parameters - max_faces: 5, device: cpu
2025-11-04 14:54:19,879 - predictimg - INFO - Image loaded - shape: (630, 630, 3)
2025-11-04 14:54:19,879 - predictimg - INFO - Detecting faces in image...
2025-11-04 14:54:20,204 - predictimg - INFO - Found 1 face(s) in image
2025-11-04 14:54:20,435 - predictimg - INFO - Face processing completed - processed 1 faces
2025-11-04 14:54:20,435 - predictimg - INFO - Scaling features and preparing quantum circuits...
2025-11-04 14:54:20,538 - predictimg - INFO - Running quantum model prediction...
2025-11-04 14:54:20,706 - predictimg - INFO - Probabilities per face: [0.5150354]
2025-11-04 14:54:20,706 - predictimg - INFO - Final result - average probability: 0.5150, label: fake
2025-11-04 14:54:20,706 - main - INFO - Image analysis completed in 0.85 seconds
2025-11-04 14:54:20,706 - main - INFO - Analysis result - probability: 0.5150, label: fake, faces_found: 1
2025-11-04 14:54:20,706 - main - INFO - Image prediction completed successfully
2025-11-04 14:54:20,706 - main - INFO - Cleaned up temporary file: /var/folders/xc/010r9p7974s908vfy8b8pwy00000gp/T/tmpb_0c5njy/downloaded_file.jpg
2025-11-04 14:54:20,706 - main - INFO - Cleaned up temporary directory: /var/folders/xc/010r9p7974s908vfy8b8pwy00000gp/T/tmpb_0c5njy
2025-11-10 19:43:52,037 - main - INFO - Image prediction request received for URL: https://entangl-bucket.s3.eu-north-1.amazonaws.com/images/79e093fb-85a8-48b8-98be-489d413aecd3.jpg
2025-11-10 19:43:52,040 - main - INFO - Parameters - max_faces: 5
2025-11-10 19:43:52,040 - main - INFO - Created temporary directory: /var/folders/xc/010r9p7974s908vfy8b8pwy00000gp/T/tmp7e4w2ale
2025-11-10 19:43:52,040 - main - INFO - Starting file download...
2025-11-10 19:43:52,040 - main - INFO - Starting download from URL: https://entangl-bucket.s3.eu-north-1.amazonaws.com/images/79e093fb-85a8-48b8-98be-489d413aecd3.jpg
2025-11-10 19:43:52,040 - main - INFO - Making HTTP request...
2025-11-10 19:43:53,614 - main - INFO - Response received - Content-Type: image/jpeg, Content-Length: 76336
2025-11-10 19:43:53,615 - main - INFO - Downloading to temporary file: /var/folders/xc/010r9p7974s908vfy8b8pwy00000gp/T/tmp7e4w2ale/downloaded_file.jpg
2025-11-10 19:43:54,137 - main - INFO - Download completed successfully!
2025-11-10 19:43:54,139 - main - INFO - File size: 0.07 MB
2025-11-10 19:43:54,139 - main - INFO - Download time: 2.10 seconds
2025-11-10 19:43:54,139 - main - INFO - Download speed: 0.03 MB/s
2025-11-10 19:43:54,141 - main - INFO - File downloaded successfully to: /var/folders/xc/010r9p7974s908vfy8b8pwy00000gp/T/tmp7e4w2ale/downloaded_file.jpg
2025-11-10 19:43:54,141 - main - INFO - Starting image analysis...
2025-11-10 19:43:54,142 - predictimg - INFO - Starting image analysis for: /var/folders/xc/010r9p7974s908vfy8b8pwy00000gp/T/tmp7e4w2ale/downloaded_file.jpg
2025-11-10 19:43:54,142 - predictimg - INFO - Parameters - max_faces: 5, device: cpu
2025-11-10 19:43:54,169 - predictimg - INFO - Image loaded - shape: (630, 630, 3)
2025-11-10 19:43:54,170 - predictimg - INFO - Detecting faces in image...
2025-11-10 19:43:54,622 - predictimg - INFO - Found 1 face(s) in image
2025-11-10 19:43:55,001 - predictimg - INFO - Face processing completed - processed 1 faces
2025-11-10 19:43:55,001 - predictimg - INFO - Scaling features and preparing quantum circuits...
2025-11-10 19:43:55,116 - predictimg - INFO - Running quantum model prediction...
2025-11-10 19:43:55,341 - predictimg - INFO - Probabilities per face: [0.80922914]
2025-11-10 19:43:55,341 - predictimg - INFO - Final result - average probability: 0.8092, label: fake
2025-11-10 19:43:55,341 - main - INFO - Image analysis completed in 1.20 seconds
2025-11-10 19:43:55,341 - main - INFO - Analysis result - probability: 0.8092, label: fake, faces_found: 1
2025-11-10 19:43:55,341 - main - INFO - Image prediction completed successfully
2025-11-10 19:43:55,341 - main - INFO - Cleaned up temporary file: /var/folders/xc/010r9p7974s908vfy8b8pwy00000gp/T/tmp7e4w2ale/downloaded_file.jpg
2025-11-10 19:43:55,342 - main - INFO - Cleaned up temporary directory: /var/folders/xc/010r9p7974s908vfy8b8pwy00000gp/T/tmp7e4w2ale
2025-11-10 21:37:52,167 - main - INFO - Image prediction request received for URL: https://entangl-bucket.s3.eu-north-1.amazonaws.com/images/e31fedcc-481e-4b59-ba63-24485e89bc30.jpg
2025-11-10 21:37:52,169 - main - INFO - Parameters - max_faces: 5
2025-11-10 21:37:52,170 - main - INFO - Created temporary directory: /var/folders/xc/010r9p7974s908vfy8b8pwy00000gp/T/tmp7od0lws3
2025-11-10 21:37:52,171 - main - INFO - Starting file download...
2025-11-10 21:37:52,171 - main - INFO - Starting download from URL: https://entangl-bucket.s3.eu-north-1.amazonaws.com/images/e31fedcc-481e-4b59-ba63-24485e89bc30.jpg
2025-11-10 21:37:52,171 - main - INFO - Making HTTP request...
2025-11-10 21:37:53,736 - main - INFO - Response received - Content-Type: image/jpeg, Content-Length: 76336
2025-11-10 21:37:53,737 - main - INFO - Downloading to temporary file: /var/folders/xc/010r9p7974s908vfy8b8pwy00000gp/T/tmp7od0lws3/downloaded_file.jpg
2025-11-10 21:37:54,055 - main - INFO - Download completed successfully!
2025-11-10 21:37:54,055 - main - INFO - File size: 0.07 MB
2025-11-10 21:37:54,055 - main - INFO - Download time: 1.88 seconds
2025-11-10 21:37:54,056 - main - INFO - Download speed: 0.04 MB/s
2025-11-10 21:37:54,057 - main - INFO - File downloaded successfully to: /var/folders/xc/010r9p7974s908vfy8b8pwy00000gp/T/tmp7od0lws3/downloaded_file.jpg
2025-11-10 21:37:54,057 - main - INFO - Starting image analysis...
2025-11-10 21:37:54,057 - predictimg - INFO - Starting image analysis for: /var/folders/xc/010r9p7974s908vfy8b8pwy00000gp/T/tmp7od0lws3/downloaded_file.jpg
2025-11-10 21:37:54,057 - predictimg - INFO - Parameters - max_faces: 5, device: cpu
2025-11-10 21:37:54,073 - predictimg - INFO - Image loaded - shape: (630, 630, 3)
2025-11-10 21:37:54,074 - predictimg - INFO - Detecting faces in image...
2025-11-10 21:37:54,241 - predictimg - INFO - Found 1 face(s) in image
2025-11-10 21:37:54,542 - predictimg - INFO - Face processing completed - processed 1 faces
2025-11-10 21:37:54,542 - predictimg - INFO - Scaling features and preparing quantum circuits...
2025-11-10 21:37:54,642 - predictimg - INFO - Running quantum model prediction...
2025-11-10 21:37:54,820 - predictimg - INFO - Probabilities per face: [0.32251132]
2025-11-10 21:37:54,821 - predictimg - INFO - Final result - average probability: 0.3225, label: real
2025-11-10 21:37:54,821 - main - INFO - Image analysis completed in 0.76 seconds
2025-11-10 21:37:54,821 - main - INFO - Analysis result - probability: 0.3225, label: real, faces_found: 1
2025-11-10 21:37:54,821 - main - INFO - Image prediction completed successfully
2025-11-10 21:37:54,821 - main - INFO - Cleaned up temporary file: /var/folders/xc/010r9p7974s908vfy8b8pwy00000gp/T/tmp7od0lws3/downloaded_file.jpg
2025-11-10 21:37:54,821 - main - INFO - Cleaned up temporary directory: /var/folders/xc/010r9p7974s908vfy8b8pwy00000gp/T/tmp7od0lws3
2025-11-11 22:46:19,314 - main - INFO - Image prediction request received for URL: https://entangl-bucket.s3.eu-north-1.amazonaws.com/images/4666f62a-cfe5-492e-b2bb-977d10f55b3f.jpg
2025-11-11 22:46:19,315 - main - INFO - Parameters - max_faces: 5
2025-11-11 22:46:19,316 - main - INFO - Created temporary directory: /var/folders/xc/010r9p7974s908vfy8b8pwy00000gp/T/tmpvcq7r39v
2025-11-11 22:46:19,316 - main - INFO - Starting file download...
2025-11-11 22:46:19,316 - main - INFO - Starting download from URL: https://entangl-bucket.s3.eu-north-1.amazonaws.com/images/4666f62a-cfe5-492e-b2bb-977d10f55b3f.jpg
2025-11-11 22:46:19,316 - main - INFO - Making HTTP request...
2025-11-11 22:46:20,957 - main - INFO - Response received - Content-Type: image/jpeg, Content-Length: 76336
2025-11-11 22:46:20,958 - main - INFO - Downloading to temporary file: /var/folders/xc/010r9p7974s908vfy8b8pwy00000gp/T/tmpvcq7r39v/downloaded_file.jpg
2025-11-11 22:46:21,464 - main - INFO - Download completed successfully!
2025-11-11 22:46:21,465 - main - INFO - File size: 0.07 MB
2025-11-11 22:46:21,465 - main - INFO - Download time: 2.15 seconds
2025-11-11 22:46:21,466 - main - INFO - Download speed: 0.03 MB/s
2025-11-11 22:46:21,467 - main - INFO - File downloaded successfully to: /var/folders/xc/010r9p7974s908vfy8b8pwy00000gp/T/tmpvcq7r39v/downloaded_file.jpg
2025-11-11 22:46:21,467 - main - INFO - Starting image analysis...
2025-11-11 22:46:21,468 - predictimg - INFO - Starting image analysis for: /var/folders/xc/010r9p7974s908vfy8b8pwy00000gp/T/tmpvcq7r39v/downloaded_file.jpg
2025-11-11 22:46:21,468 - predictimg - INFO - Parameters - max_faces: 5, device: cpu
2025-11-11 22:46:21,489 - predictimg - INFO - Image loaded - shape: (630, 630, 3)
2025-11-11 22:46:21,490 - predictimg - INFO - Detecting faces in image...
2025-11-11 22:46:21,811 - predictimg - INFO - Found 1 face(s) in image
2025-11-11 22:46:22,113 - predictimg - INFO - Face processing completed - processed 1 faces
2025-11-11 22:46:22,113 - predictimg - INFO - Scaling features and preparing quantum circuits...
2025-11-11 22:46:22,218 - predictimg - INFO - Running quantum model prediction...
2025-11-11 22:46:22,428 - predictimg - INFO - Probabilities per face: [0.82851475]
2025-11-11 22:46:22,429 - predictimg - INFO - Final result - average probability: 0.8285, label: fake
2025-11-11 22:46:22,429 - main - INFO - Image analysis completed in 0.96 seconds
2025-11-11 22:46:22,429 - main - INFO - Analysis result - probability: 0.8285, label: fake, faces_found: 1
2025-11-11 22:46:22,429 - main - INFO - Image prediction completed successfully
2025-11-11 22:46:22,429 - main - INFO - Cleaned up temporary file: /var/folders/xc/010r9p7974s908vfy8b8pwy00000gp/T/tmpvcq7r39v/downloaded_file.jpg
2025-11-11 22:46:22,429 - main - INFO - Cleaned up temporary directory: /var/folders/xc/010r9p7974s908vfy8b8pwy00000gp/T/tmpvcq7r39v
2025-11-12 01:24:23,104 - main - INFO - Image prediction request received for URL: https://entangl-bucket.s3.eu-north-1.amazonaws.com/images/5f8950cc-d849-43fb-a70d-cf35ef729d14.jpg
2025-11-12 01:24:23,106 - main - INFO - Parameters - max_faces: 5
2025-11-12 01:24:23,107 - main - INFO - Created temporary directory: /var/folders/xc/010r9p7974s908vfy8b8pwy00000gp/T/tmpi3nau050
2025-11-12 01:24:23,107 - main - INFO - Starting file download...
2025-11-12 01:24:23,108 - main - INFO - Starting download from URL: https://entangl-bucket.s3.eu-north-1.amazonaws.com/images/5f8950cc-d849-43fb-a70d-cf35ef729d14.jpg
2025-11-12 01:24:23,108 - main - INFO - Making HTTP request...
2025-11-12 01:24:24,783 - main - INFO - Response received - Content-Type: image/jpeg, Content-Length: 76336
2025-11-12 01:24:24,784 - main - INFO - Downloading to temporary file: /var/folders/xc/010r9p7974s908vfy8b8pwy00000gp/T/tmpi3nau050/downloaded_file.jpg
2025-11-12 01:24:25,101 - main - INFO - Download completed successfully!
2025-11-12 01:24:25,103 - main - INFO - File size: 0.07 MB
2025-11-12 01:24:25,103 - main - INFO - Download time: 1.99 seconds
2025-11-12 01:24:25,104 - main - INFO - Download speed: 0.04 MB/s
2025-11-12 01:24:25,105 - main - INFO - File downloaded successfully to: /var/folders/xc/010r9p7974s908vfy8b8pwy00000gp/T/tmpi3nau050/downloaded_file.jpg
2025-11-12 01:24:25,105 - main - INFO - Starting image analysis...
2025-11-12 01:24:25,106 - predictimg - INFO - Starting image analysis for: /var/folders/xc/010r9p7974s908vfy8b8pwy00000gp/T/tmpi3nau050/downloaded_file.jpg
2025-11-12 01:24:25,106 - predictimg - INFO - Parameters - max_faces: 5, device: cpu
2025-11-12 01:24:25,131 - predictimg - INFO - Image loaded - shape: (630, 630, 3)
2025-11-12 01:24:25,131 - predictimg - INFO - Detecting faces in image...
2025-11-12 01:24:25,501 - predictimg - INFO - Found 1 face(s) in image
2025-11-12 01:24:25,955 - predictimg - INFO - Face processing completed - processed 1 faces
2025-11-12 01:24:25,955 - predictimg - INFO - Scaling features and preparing quantum circuits...
2025-11-12 01:24:26,069 - predictimg - INFO - Running quantum model prediction...
2025-11-12 01:24:26,348 - predictimg - INFO - Probabilities per face: [0.481514]
2025-11-12 01:24:26,348 - predictimg - INFO - Final result - average probability: 0.4815, label: real
2025-11-12 01:24:26,348 - main - INFO - Image analysis completed in 1.24 seconds
2025-11-12 01:24:26,348 - main - INFO - Analysis result - probability: 0.4815, label: real, faces_found: 1
2025-11-12 01:24:26,348 - main - INFO - Image prediction completed successfully
2025-11-12 01:24:26,349 - main - INFO - Cleaned up temporary file: /var/folders/xc/010r9p7974s908vfy8b8pwy00000gp/T/tmpi3nau050/downloaded_file.jpg
2025-11-12 01:24:26,349 - main - INFO - Cleaned up temporary directory: /var/folders/xc/010r9p7974s908vfy8b8pwy00000gp/T/tmpi3nau050
2025-11-15 01:27:20,112 - fastapi - ERROR - Form data requires "python-multipart" to be installed. 
You can install "python-multipart" with: 

pip install python-multipart

2025-11-15 01:30:09,206 - predictimg - INFO - Starting video analysis for: /var/folders/xc/010r9p7974s908vfy8b8pwy00000gp/T/tmpgqjhaldu/temp_video_06__kitchen_still.mp4
2025-11-15 01:30:09,207 - predictimg - INFO - Parameters - max_faces: 20, seconds_range: 6, device: cpu
2025-11-15 01:30:09,231 - predictimg - INFO - Video info - FPS: 24, frames: 915, duration: 38.12s
2025-11-15 01:30:09,232 - predictimg - INFO - Analysis range - frames 771 to 915, step: 3
2025-11-15 01:30:13,371 - predictimg - INFO - Face extraction completed - collected 20 faces
2025-11-15 01:30:13,372 - predictimg - INFO - Scaling features and preparing quantum circuits...
2025-11-15 01:30:15,369 - predictimg - INFO - Running quantum model prediction...
2025-11-15 01:30:15,716 - predictimg - INFO - Probabilities per face: [0.2602988  0.1052658  0.18623972 0.21357346 0.22008449 0.22962013
 0.11221388 0.28487432 0.64115334 0.4892856  0.5089764  0.64866096
 0.37561402 0.2899294  0.17703769 0.25593966 0.07871741 0.37335312
 0.21991602 0.30548078]
2025-11-15 01:30:15,717 - predictimg - INFO - Final result - average probability: 0.2988, label: real
2025-11-15 01:30:15,717 - predictimg - INFO - Faces classified as fake: 3/20
2025-11-19 10:26:57,980 - main - INFO - Image prediction request received for URL: https://entangl-bucket.s3.eu-north-1.amazonaws.com/images/e31c0b1b-faf1-4aef-9f35-a1e4655c864b.jpg
2025-11-19 10:26:57,981 - main - INFO - Parameters - max_faces: 5
2025-11-19 10:26:57,982 - main - INFO - Created temporary directory: /var/folders/xc/010r9p7974s908vfy8b8pwy00000gp/T/tmp9xwl5385
2025-11-19 10:26:57,982 - main - INFO - Starting file download...
2025-11-19 10:26:57,982 - main - INFO - Starting download from URL: https://entangl-bucket.s3.eu-north-1.amazonaws.com/images/e31c0b1b-faf1-4aef-9f35-a1e4655c864b.jpg
2025-11-19 10:26:57,982 - main - INFO - Making HTTP request...
2025-11-19 10:26:59,300 - main - INFO - Response received - Content-Type: image/jpeg, Content-Length: 57696
2025-11-19 10:26:59,301 - main - INFO - Downloading to temporary file: /var/folders/xc/010r9p7974s908vfy8b8pwy00000gp/T/tmp9xwl5385/downloaded_file.jpg
2025-11-19 10:26:59,573 - main - INFO - Download completed successfully!
2025-11-19 10:26:59,575 - main - INFO - File size: 0.06 MB
2025-11-19 10:26:59,575 - main - INFO - Download time: 1.59 seconds
2025-11-19 10:26:59,576 - main - INFO - Download speed: 0.03 MB/s
2025-11-19 10:26:59,577 - main - INFO - File downloaded successfully to: /var/folders/xc/010r9p7974s908vfy8b8pwy00000gp/T/tmp9xwl5385/downloaded_file.jpg
2025-11-19 10:26:59,577 - main - INFO - Starting image analysis...
2025-11-19 10:26:59,577 - predictimg - INFO - Starting image analysis for: /var/folders/xc/010r9p7974s908vfy8b8pwy00000gp/T/tmp9xwl5385/downloaded_file.jpg
2025-11-19 10:26:59,578 - predictimg - INFO - Parameters - max_faces: 5, device: cpu
2025-11-19 10:26:59,605 - predictimg - INFO - Image loaded - shape: (478, 640, 3)
2025-11-19 10:26:59,605 - predictimg - INFO - Detecting faces in image...
2025-11-19 10:26:59,947 - predictimg - INFO - Found 1 face(s) in image
2025-11-19 10:27:00,398 - predictimg - INFO - Face processing completed - processed 1 faces
2025-11-19 10:27:00,398 - predictimg - INFO - Scaling features and preparing quantum circuits...
2025-11-19 10:27:00,499 - predictimg - INFO - Running quantum model prediction...
2025-11-19 10:27:00,754 - predictimg - INFO - Probabilities per face: [0.63616]
2025-11-19 10:27:00,755 - predictimg - INFO - Final result - average probability: 0.6362, label: fake
2025-11-19 10:27:00,755 - main - INFO - Image analysis completed in 1.18 seconds
2025-11-19 10:27:00,755 - main - INFO - Analysis result - probability: 0.6362, label: fake, faces_found: 1
2025-11-19 10:27:00,755 - main - INFO - Image prediction completed successfully
2025-11-19 10:27:00,755 - main - INFO - Cleaned up temporary file: /var/folders/xc/010r9p7974s908vfy8b8pwy00000gp/T/tmp9xwl5385/downloaded_file.jpg
2025-11-19 10:27:00,755 - main - INFO - Cleaned up temporary directory: /var/folders/xc/010r9p7974s908vfy8b8pwy00000gp/T/tmp9xwl5385
2025-11-19 10:32:52,258 - main - INFO - Video prediction request received for URL: https://entangl-bucket.s3.eu-north-1.amazonaws.com/videos/ed8ffa91-a55b-40ca-990b-96fac3394591.mp4
2025-11-19 10:32:52,259 - main - INFO - Parameters - max_faces: 20, seconds_range: 6
2025-11-19 10:32:52,260 - main - INFO - Created temporary directory: /var/folders/xc/010r9p7974s908vfy8b8pwy00000gp/T/tmpap8aaatt
2025-11-19 10:32:52,260 - main - INFO - Starting file download...
2025-11-19 10:32:52,261 - main - INFO - Starting download from URL: https://entangl-bucket.s3.eu-north-1.amazonaws.com/videos/ed8ffa91-a55b-40ca-990b-96fac3394591.mp4
2025-11-19 10:32:52,261 - main - INFO - Making HTTP request...
2025-11-19 10:32:53,583 - main - INFO - Response received - Content-Type: video/mp4, Content-Length: 7108028
2025-11-19 10:32:53,584 - main - INFO - Downloading to temporary file: /var/folders/xc/010r9p7974s908vfy8b8pwy00000gp/T/tmpap8aaatt/downloaded_file.mp4
2025-11-19 10:32:54,796 - main - INFO - Downloaded 1.0 MB...
2025-11-19 10:32:55,108 - main - INFO - Downloaded 2.0 MB...
2025-11-19 10:32:55,276 - main - INFO - Downloaded 3.0 MB...
2025-11-19 10:32:55,419 - main - INFO - Downloaded 4.0 MB...
2025-11-19 10:32:55,539 - main - INFO - Downloaded 5.0 MB...
2025-11-19 10:32:55,648 - main - INFO - Downloaded 6.0 MB...
2025-11-19 10:32:55,736 - main - INFO - Download completed successfully!
2025-11-19 10:32:55,737 - main - INFO - File size: 6.78 MB
2025-11-19 10:32:55,738 - main - INFO - Download time: 3.48 seconds
2025-11-19 10:32:55,738 - main - INFO - Download speed: 1.95 MB/s
2025-11-19 10:32:55,739 - main - INFO - File downloaded successfully to: /var/folders/xc/010r9p7974s908vfy8b8pwy00000gp/T/tmpap8aaatt/downloaded_file.mp4
2025-11-19 10:32:55,739 - main - INFO - Starting video analysis...
2025-11-19 10:32:55,739 - predictimg - INFO - Starting video analysis for: /var/folders/xc/010r9p7974s908vfy8b8pwy00000gp/T/tmpap8aaatt/downloaded_file.mp4
2025-11-19 10:32:55,739 - predictimg - INFO - Parameters - max_faces: 20, seconds_range: 6, device: cpu
2025-11-19 10:32:55,800 - predictimg - INFO - Video info - FPS: 24, frames: 915, duration: 38.12s
2025-11-19 10:32:55,800 - predictimg - INFO - Analysis range - frames 771 to 915, step: 3
2025-11-19 10:32:59,303 - predictimg - INFO - Face extraction completed - collected 20 faces
2025-11-19 10:32:59,303 - predictimg - INFO - Scaling features and preparing quantum circuits...
2025-11-19 10:33:01,273 - predictimg - INFO - Running quantum model prediction...
2025-11-19 10:33:01,450 - predictimg - INFO - Probabilities per face: [0.2961098  0.16744438 0.2202147  0.14965388 0.16361204 0.24302208
 0.19971171 0.34518793 0.475282   0.6376712  0.60972035 0.5325574
 0.35641944 0.3819255  0.18144277 0.09495664 0.07897162 0.3221969
 0.3214147  0.22535187]
2025-11-19 10:33:01,450 - predictimg - INFO - Final result - average probability: 0.3001, label: real
2025-11-19 10:33:01,450 - predictimg - INFO - Faces classified as fake: 3/20
2025-11-19 10:33:01,452 - main - INFO - Video analysis completed in 5.71 seconds
2025-11-19 10:33:01,452 - main - INFO - Analysis result - probability: 0.3001, label: real
2025-11-19 10:33:01,452 - main - INFO - Video prediction completed successfully
2025-11-19 10:33:01,453 - main - INFO - Cleaned up temporary file: /var/folders/xc/010r9p7974s908vfy8b8pwy00000gp/T/tmpap8aaatt/downloaded_file.mp4
2025-11-19 10:33:01,453 - main - INFO - Cleaned up temporary directory: /var/folders/xc/010r9p7974s908vfy8b8pwy00000gp/T/tmpap8aaatt
2025-12-08 16:19:01,041 - main - INFO - Image prediction request received for URL: https://entangl-bucket.s3.eu-north-1.amazonaws.com/images/29901dd9-f170-4616-aaaa-5ef9458770db.jpg
2025-12-08 16:19:01,044 - main - INFO - Parameters - max_faces: 5
2025-12-08 16:19:01,045 - main - INFO - Created temporary directory: /var/folders/xc/010r9p7974s908vfy8b8pwy00000gp/T/tmpysr3jguc
2025-12-08 16:19:01,045 - main - INFO - Starting file download...
2025-12-08 16:19:01,045 - main - INFO - Starting download from URL: https://entangl-bucket.s3.eu-north-1.amazonaws.com/images/29901dd9-f170-4616-aaaa-5ef9458770db.jpg
2025-12-08 16:19:01,045 - main - INFO - Making HTTP request...
2025-12-08 16:19:02,532 - main - INFO - Response received - Content-Type: image/jpeg, Content-Length: 76336
2025-12-08 16:19:02,532 - main - INFO - Downloading to temporary file: /var/folders/xc/010r9p7974s908vfy8b8pwy00000gp/T/tmpysr3jguc/downloaded_file.jpg
2025-12-08 16:19:03,121 - main - INFO - Download completed successfully!
2025-12-08 16:19:03,122 - main - INFO - File size: 0.07 MB
2025-12-08 16:19:03,123 - main - INFO - Download time: 2.08 seconds
2025-12-08 16:19:03,124 - main - INFO - Download speed: 0.04 MB/s
2025-12-08 16:19:03,127 - main - INFO - File downloaded successfully to: /var/folders/xc/010r9p7974s908vfy8b8pwy00000gp/T/tmpysr3jguc/downloaded_file.jpg
2025-12-08 16:19:03,128 - main - INFO - Starting image analysis...
2025-12-08 16:19:03,128 - predictimg - INFO - Starting image analysis for: /var/folders/xc/010r9p7974s908vfy8b8pwy00000gp/T/tmpysr3jguc/downloaded_file.jpg
2025-12-08 16:19:03,128 - predictimg - INFO - Parameters - max_faces: 5, device: cpu
2025-12-08 16:19:03,151 - predictimg - INFO - Image loaded - shape: (630, 630, 3)
2025-12-08 16:19:03,151 - predictimg - INFO - Detecting faces in image...
2025-12-08 16:19:04,398 - predictimg - INFO - Found 1 face(s) in image
2025-12-08 16:19:04,715 - predictimg - INFO - Face processing completed - processed 1 faces
2025-12-08 16:19:04,715 - predictimg - INFO - Scaling features and preparing quantum circuits...
2025-12-08 16:19:04,818 - predictimg - INFO - Running quantum model prediction...
2025-12-08 16:19:05,018 - predictimg - INFO - Probabilities per face: [0.5873189]
2025-12-08 16:19:05,019 - predictimg - INFO - Final result - average probability: 0.5873, label: fake
2025-12-08 16:19:05,019 - main - INFO - Image analysis completed in 1.89 seconds
2025-12-08 16:19:05,019 - main - INFO - Analysis result - probability: 0.5873, label: fake, faces_found: 1
2025-12-08 16:19:05,019 - main - INFO - Image prediction completed successfully
2025-12-08 16:19:05,019 - main - INFO - Cleaned up temporary file: /var/folders/xc/010r9p7974s908vfy8b8pwy00000gp/T/tmpysr3jguc/downloaded_file.jpg
2025-12-08 16:19:05,019 - main - INFO - Cleaned up temporary directory: /var/folders/xc/010r9p7974s908vfy8b8pwy00000gp/T/tmpysr3jguc
2025-12-08 16:41:06,724 - main - INFO - Image prediction request received for URL: https://entangl-bucket.s3.eu-north-1.amazonaws.com/images/5edd449e-3b93-454e-910c-31cd03ad0b3f.png
2025-12-08 16:41:06,725 - main - INFO - Parameters - max_faces: 5
2025-12-08 16:41:06,726 - main - INFO - Created temporary directory: /var/folders/xc/010r9p7974s908vfy8b8pwy00000gp/T/tmph2pkvwn6
2025-12-08 16:41:06,727 - main - INFO - Starting file download...
2025-12-08 16:41:06,727 - main - INFO - Starting download from URL: https://entangl-bucket.s3.eu-north-1.amazonaws.com/images/5edd449e-3b93-454e-910c-31cd03ad0b3f.png
2025-12-08 16:41:06,727 - main - INFO - Making HTTP request...
2025-12-08 16:41:08,167 - main - INFO - Response received - Content-Type: image/png, Content-Length: 1129596
2025-12-08 16:41:08,168 - main - INFO - Downloading to temporary file: /var/folders/xc/010r9p7974s908vfy8b8pwy00000gp/T/tmph2pkvwn6/downloaded_file.jpg
2025-12-08 16:41:09,625 - main - INFO - Downloaded 1.0 MB...
2025-12-08 16:41:09,653 - main - INFO - Download completed successfully!
2025-12-08 16:41:09,654 - main - INFO - File size: 1.08 MB
2025-12-08 16:41:09,655 - main - INFO - Download time: 2.93 seconds
2025-12-08 16:41:09,656 - main - INFO - Download speed: 0.37 MB/s
2025-12-08 16:41:09,657 - main - INFO - File downloaded successfully to: /var/folders/xc/010r9p7974s908vfy8b8pwy00000gp/T/tmph2pkvwn6/downloaded_file.jpg
2025-12-08 16:41:09,657 - main - INFO - Starting image analysis...
2025-12-08 16:41:09,657 - predictimg - INFO - Starting image analysis for: /var/folders/xc/010r9p7974s908vfy8b8pwy00000gp/T/tmph2pkvwn6/downloaded_file.jpg
2025-12-08 16:41:09,657 - predictimg - INFO - Parameters - max_faces: 5, device: cpu
2025-12-08 16:41:09,696 - predictimg - INFO - Image loaded - shape: (856, 866, 3)
2025-12-08 16:41:09,696 - predictimg - INFO - Detecting faces in image...
2025-12-08 16:41:09,750 - predictimg - INFO - Found 1 face(s) in image
2025-12-08 16:41:09,879 - predictimg - INFO - Face processing completed - processed 1 faces
2025-12-08 16:41:09,879 - predictimg - INFO - Scaling features and preparing quantum circuits...
2025-12-08 16:41:09,976 - predictimg - INFO - Running quantum model prediction...
2025-12-08 16:41:10,010 - predictimg - INFO - Probabilities per face: [0.5976505]
2025-12-08 16:41:10,010 - predictimg - INFO - Final result - average probability: 0.5977, label: fake
2025-12-08 16:41:10,010 - main - INFO - Image analysis completed in 0.35 seconds
2025-12-08 16:41:10,010 - main - INFO - Analysis result - probability: 0.5977, label: fake, faces_found: 1
2025-12-08 16:41:10,010 - main - INFO - Image prediction completed successfully
2025-12-08 16:41:10,011 - main - INFO - Cleaned up temporary file: /var/folders/xc/010r9p7974s908vfy8b8pwy00000gp/T/tmph2pkvwn6/downloaded_file.jpg
2025-12-08 16:41:10,011 - main - INFO - Cleaned up temporary directory: /var/folders/xc/010r9p7974s908vfy8b8pwy00000gp/T/tmph2pkvwn6
2025-12-08 16:42:05,017 - main - INFO - Image prediction request received for URL: https://entangl-bucket.s3.eu-north-1.amazonaws.com/images/681a3e4f-2f1c-4b23-8a7b-ae47a5251d80.png
2025-12-08 16:42:05,019 - main - INFO - Parameters - max_faces: 5
2025-12-08 16:42:05,020 - main - INFO - Created temporary directory: /var/folders/xc/010r9p7974s908vfy8b8pwy00000gp/T/tmpi6dia1um
2025-12-08 16:42:05,020 - main - INFO - Starting file download...
2025-12-08 16:42:05,020 - main - INFO - Starting download from URL: https://entangl-bucket.s3.eu-north-1.amazonaws.com/images/681a3e4f-2f1c-4b23-8a7b-ae47a5251d80.png
2025-12-08 16:42:05,020 - main - INFO - Making HTTP request...
2025-12-08 16:42:06,588 - main - INFO - Response received - Content-Type: image/png, Content-Length: 389718
2025-12-08 16:42:06,588 - main - INFO - Downloading to temporary file: /var/folders/xc/010r9p7974s908vfy8b8pwy00000gp/T/tmpi6dia1um/downloaded_file.jpg
2025-12-08 16:42:07,670 - main - INFO - Download completed successfully!
2025-12-08 16:42:07,671 - main - INFO - File size: 0.37 MB
2025-12-08 16:42:07,671 - main - INFO - Download time: 2.65 seconds
2025-12-08 16:42:07,671 - main - INFO - Download speed: 0.14 MB/s
2025-12-08 16:42:07,672 - main - INFO - File downloaded successfully to: /var/folders/xc/010r9p7974s908vfy8b8pwy00000gp/T/tmpi6dia1um/downloaded_file.jpg
2025-12-08 16:42:07,672 - main - INFO - Starting image analysis...
2025-12-08 16:42:07,673 - predictimg - INFO - Starting image analysis for: /var/folders/xc/010r9p7974s908vfy8b8pwy00000gp/T/tmpi6dia1um/downloaded_file.jpg
2025-12-08 16:42:07,673 - predictimg - INFO - Parameters - max_faces: 5, device: cpu
2025-12-08 16:42:07,686 - predictimg - INFO - Image loaded - shape: (582, 516, 3)
2025-12-08 16:42:07,686 - predictimg - INFO - Detecting faces in image...
2025-12-08 16:42:07,722 - predictimg - INFO - Found 2 face(s) in image
2025-12-08 16:42:07,907 - predictimg - INFO - Face processing completed - processed 2 faces
2025-12-08 16:42:07,907 - predictimg - INFO - Scaling features and preparing quantum circuits...
2025-12-08 16:42:08,093 - predictimg - INFO - Running quantum model prediction...
2025-12-08 16:42:08,142 - predictimg - INFO - Probabilities per face: [0.52789456 0.6893099 ]
2025-12-08 16:42:08,142 - predictimg - INFO - Final result - average probability: 0.6086, label: fake
2025-12-08 16:42:08,143 - main - INFO - Image analysis completed in 0.47 seconds
2025-12-08 16:42:08,143 - main - INFO - Analysis result - probability: 0.6086, label: fake, faces_found: 2
2025-12-08 16:42:08,143 - main - INFO - Image prediction completed successfully
2025-12-08 16:42:08,143 - main - INFO - Cleaned up temporary file: /var/folders/xc/010r9p7974s908vfy8b8pwy00000gp/T/tmpi6dia1um/downloaded_file.jpg
2025-12-08 16:42:08,143 - main - INFO - Cleaned up temporary directory: /var/folders/xc/010r9p7974s908vfy8b8pwy00000gp/T/tmpi6dia1um
